{"uuid":"b7607a88-776a-4504-8cbb-0a76ed41fba6","historyId":"ecd0a2fcffe8ad3f89a62f9a2d863f2a","fullName":"Tests.RegisterTest.testRegisterWithValidData","labels":[{"name":"package","value":"Tests.RegisterTest"},{"name":"testClass","value":"Tests.RegisterTest"},{"name":"testMethod","value":"testRegisterWithValidData"},{"name":"parentSuite","value":"Default Suite"},{"name":"suite","value":"WebDemo5-Capstone"},{"name":"subSuite","value":"Tests.RegisterTest"},{"name":"host","value":"Weber"},{"name":"thread","value":"22328@Weber.main(1)"},{"name":"framework","value":"testng"},{"name":"language","value":"java"}],"links":[],"name":"testRegisterWithValidData","status":"broken","statusDetails":{"known":false,"muted":false,"flaky":false,"message":"Error {\n  message='Error: Malformed value\n  name='Error\n  stack='Error: Error: Malformed value\n    at CRExecutionContext.evaluateWithArguments (C:\\Users\\minht\\AppData\\Local\\Temp\\playwright-java-9446783409068744740\\package\\lib\\server\\chromium\\crExecutionContext.js:80:13)\n    at async LongStandingScope._race (C:\\Users\\minht\\AppData\\Local\\Temp\\playwright-java-9446783409068744740\\package\\lib\\utils\\isomorphic\\manualPromise.js:94:14)\n    at async evaluateExpression (C:\\Users\\minht\\AppData\\Local\\Temp\\playwright-java-9446783409068744740\\package\\lib\\server\\javascript.js:217:12)\n    at async ElementHandle.evaluateInUtility (C:\\Users\\minht\\AppData\\Local\\Temp\\playwright-java-9446783409068744740\\package\\lib\\server\\dom.js:126:14)\n    at async C:\\Users\\minht\\AppData\\Local\\Temp\\playwright-java-9446783409068744740\\package\\lib\\server\\dom.js:555:22\n    at async ElementHandle._retryAction (C:\\Users\\minht\\AppData\\Local\\Temp\\playwright-java-9446783409068744740\\package\\lib\\server\\dom.js:308:22)\n    at async ElementHandle._fill (C:\\Users\\minht\\AppData\\Local\\Temp\\playwright-java-9446783409068744740\\package\\lib\\server\\dom.js:551:12)\n    at async C:\\Users\\minht\\AppData\\Local\\Temp\\playwright-java-9446783409068744740\\package\\lib\\server\\frames.js:940:25\n    at async Frame.retryWithProgressAndTimeouts (C:\\Users\\minht\\AppData\\Local\\Temp\\playwright-java-9446783409068744740\\package\\lib\\server\\frames.js:884:24)\n    at async C:\\Users\\minht\\AppData\\Local\\Temp\\playwright-java-9446783409068744740\\package\\lib\\server\\frames.js:1007:29\n}\nCall log:\n-   - waiting for locator(\"input[id=birthday]\")\n-     - locator resolved to <input type=\"date\" required=\"\" id=\"birthday\" name=\"birthday\" class=\"form-control\" placeholder=\"Your birthday\"/>\n-     - fill(\"08082004\")\n-   - attempting fill action\n-     - waiting for element to be visible, enabled and editable\n","trace":"com.microsoft.playwright.PlaywrightException: Error {\n  message='Error: Malformed value\n  name='Error\n  stack='Error: Error: Malformed value\n    at CRExecutionContext.evaluateWithArguments (C:\\Users\\minht\\AppData\\Local\\Temp\\playwright-java-9446783409068744740\\package\\lib\\server\\chromium\\crExecutionContext.js:80:13)\n    at async LongStandingScope._race (C:\\Users\\minht\\AppData\\Local\\Temp\\playwright-java-9446783409068744740\\package\\lib\\utils\\isomorphic\\manualPromise.js:94:14)\n    at async evaluateExpression (C:\\Users\\minht\\AppData\\Local\\Temp\\playwright-java-9446783409068744740\\package\\lib\\server\\javascript.js:217:12)\n    at async ElementHandle.evaluateInUtility (C:\\Users\\minht\\AppData\\Local\\Temp\\playwright-java-9446783409068744740\\package\\lib\\server\\dom.js:126:14)\n    at async C:\\Users\\minht\\AppData\\Local\\Temp\\playwright-java-9446783409068744740\\package\\lib\\server\\dom.js:555:22\n    at async ElementHandle._retryAction (C:\\Users\\minht\\AppData\\Local\\Temp\\playwright-java-9446783409068744740\\package\\lib\\server\\dom.js:308:22)\n    at async ElementHandle._fill (C:\\Users\\minht\\AppData\\Local\\Temp\\playwright-java-9446783409068744740\\package\\lib\\server\\dom.js:551:12)\n    at async C:\\Users\\minht\\AppData\\Local\\Temp\\playwright-java-9446783409068744740\\package\\lib\\server\\frames.js:940:25\n    at async Frame.retryWithProgressAndTimeouts (C:\\Users\\minht\\AppData\\Local\\Temp\\playwright-java-9446783409068744740\\package\\lib\\server\\frames.js:884:24)\n    at async C:\\Users\\minht\\AppData\\Local\\Temp\\playwright-java-9446783409068744740\\package\\lib\\server\\frames.js:1007:29\n}\nCall log:\n-   - waiting for locator(\"input[id=birthday]\")\n-     - locator resolved to <input type=\"date\" required=\"\" id=\"birthday\" name=\"birthday\" class=\"form-control\" placeholder=\"Your birthday\"/>\n-     - fill(\"08082004\")\n-   - attempting fill action\n-     - waiting for element to be visible, enabled and editable\n\r\n\tat com.microsoft.playwright.impl.WaitableResult.get(WaitableResult.java:56)\r\n\tat com.microsoft.playwright.impl.ChannelOwner.runUntil(ChannelOwner.java:138)\r\n\tat com.microsoft.playwright.impl.Connection.sendMessage(Connection.java:131)\r\n\tat com.microsoft.playwright.impl.ChannelOwner.sendMessage(ChannelOwner.java:124)\r\n\tat com.microsoft.playwright.impl.FrameImpl.fill(FrameImpl.java:300)\r\n\tat com.microsoft.playwright.impl.LocatorImpl.fill(LocatorImpl.java:244)\r\n\tat com.microsoft.playwright.Locator.fill(Locator.java:3105)\r\n\tat Base.BasePage.fill(BasePage.java:24)\r\n\tat Pages.RegisterPage.register(RegisterPage.java:16)\r\n\tat Tests.RegisterTest.testRegisterWithValidData(RegisterTest.java:30)\r\n\tat java.base/jdk.internal.reflect.DirectMethodHandleAccessor.invoke(DirectMethodHandleAccessor.java:103)\r\n\tat java.base/java.lang.reflect.Method.invoke(Method.java:580)\r\n\tat org.testng.internal.invokers.MethodInvocationHelper.invokeMethod(MethodInvocationHelper.java:141)\r\n\tat org.testng.internal.invokers.TestInvoker.invokeMethod(TestInvoker.java:686)\r\n\tat org.testng.internal.invokers.TestInvoker.invokeTestMethod(TestInvoker.java:230)\r\n\tat org.testng.internal.invokers.MethodRunner.runInSequence(MethodRunner.java:63)\r\n\tat org.testng.internal.invokers.TestInvoker$MethodInvocationAgent.invoke(TestInvoker.java:992)\r\n\tat org.testng.internal.invokers.TestInvoker.invokeTestMethods(TestInvoker.java:203)\r\n\tat org.testng.internal.invokers.TestMethodWorker.invokeTestMethods(TestMethodWorker.java:154)\r\n\tat org.testng.internal.invokers.TestMethodWorker.run(TestMethodWorker.java:134)\r\n\tat java.base/java.util.ArrayList.forEach(ArrayList.java:1597)\r\n\tat org.testng.TestRunner.privateRun(TestRunner.java:739)\r\n\tat org.testng.TestRunner.run(TestRunner.java:614)\r\n\tat org.testng.SuiteRunner.runTest(SuiteRunner.java:421)\r\n\tat org.testng.SuiteRunner.runSequentially(SuiteRunner.java:413)\r\n\tat org.testng.SuiteRunner.privateRun(SuiteRunner.java:373)\r\n\tat org.testng.SuiteRunner.run(SuiteRunner.java:312)\r\n\tat org.testng.SuiteRunnerWorker.runSuite(SuiteRunnerWorker.java:52)\r\n\tat org.testng.SuiteRunnerWorker.run(SuiteRunnerWorker.java:95)\r\n\tat org.testng.TestNG.runSuitesSequentially(TestNG.java:1274)\r\n\tat org.testng.TestNG.runSuitesLocally(TestNG.java:1208)\r\n\tat org.testng.TestNG.runSuites(TestNG.java:1112)\r\n\tat org.testng.TestNG.run(TestNG.java:1079)\r\n\tat com.intellij.rt.testng.IDEARemoteTestNG.run(IDEARemoteTestNG.java:65)\r\n\tat com.intellij.rt.testng.RemoteTestNGStarter.main(RemoteTestNGStarter.java:105)\r\nCaused by: com.microsoft.playwright.impl.DriverException: Error {\n  message='Error: Malformed value\n  name='Error\n  stack='Error: Error: Malformed value\n    at CRExecutionContext.evaluateWithArguments (C:\\Users\\minht\\AppData\\Local\\Temp\\playwright-java-9446783409068744740\\package\\lib\\server\\chromium\\crExecutionContext.js:80:13)\n    at async LongStandingScope._race (C:\\Users\\minht\\AppData\\Local\\Temp\\playwright-java-9446783409068744740\\package\\lib\\utils\\isomorphic\\manualPromise.js:94:14)\n    at async evaluateExpression (C:\\Users\\minht\\AppData\\Local\\Temp\\playwright-java-9446783409068744740\\package\\lib\\server\\javascript.js:217:12)\n    at async ElementHandle.evaluateInUtility (C:\\Users\\minht\\AppData\\Local\\Temp\\playwright-java-9446783409068744740\\package\\lib\\server\\dom.js:126:14)\n    at async C:\\Users\\minht\\AppData\\Local\\Temp\\playwright-java-9446783409068744740\\package\\lib\\server\\dom.js:555:22\n    at async ElementHandle._retryAction (C:\\Users\\minht\\AppData\\Local\\Temp\\playwright-java-9446783409068744740\\package\\lib\\server\\dom.js:308:22)\n    at async ElementHandle._fill (C:\\Users\\minht\\AppData\\Local\\Temp\\playwright-java-9446783409068744740\\package\\lib\\server\\dom.js:551:12)\n    at async C:\\Users\\minht\\AppData\\Local\\Temp\\playwright-java-9446783409068744740\\package\\lib\\server\\frames.js:940:25\n    at async Frame.retryWithProgressAndTimeouts (C:\\Users\\minht\\AppData\\Local\\Temp\\playwright-java-9446783409068744740\\package\\lib\\server\\frames.js:884:24)\n    at async C:\\Users\\minht\\AppData\\Local\\Temp\\playwright-java-9446783409068744740\\package\\lib\\server\\frames.js:1007:29\n}\nCall log:\n-   - waiting for locator(\"input[id=birthday]\")\n-     - locator resolved to <input type=\"date\" required=\"\" id=\"birthday\" name=\"birthday\" class=\"form-control\" placeholder=\"Your birthday\"/>\n-     - fill(\"08082004\")\n-   - attempting fill action\n-     - waiting for element to be visible, enabled and editable\n\r\n\tat com.microsoft.playwright.impl.Connection.dispatch(Connection.java:262)\r\n\tat com.microsoft.playwright.impl.Connection.processOneMessage(Connection.java:214)\r\n\tat com.microsoft.playwright.impl.ChannelOwner.runUntil(ChannelOwner.java:136)\r\n\t... 33 more\r\n"},"stage":"finished","steps":[],"attachments":[],"parameters":[],"start":1756175358914,"stop":1756175359203}