<<<<<<< HEAD
[INFO] 22-08-2025 20:15:40 [main] LogUtils - #########
[INFO] 22-08-2025 20:15:40 [main] LogUtils - *****Demo***
[INFO] 22-08-2025 20:15:52 [main] LogUtils - Running test case verifyNavigationSignIn
[INFO] 22-08-2025 20:16:04 [main] LogUtils - header:Fiverr Business
[ERROR] 22-08-2025 20:16:05 [main] LogUtils - Test case verifyNavigationSignIn is failed.
[ERROR] 22-08-2025 20:16:05 [main] LogUtils - java.lang.AssertionError: fail van login expected [true] but found [false]
[INFO] 22-08-2025 20:16:11 [main] LogUtils - End testing Demo
=======
[INFO] 29-08-2025 01:08:46 [main] LogUtils - #########
[INFO] 29-08-2025 01:08:46 [main] LogUtils - *****Demos***
[INFO] 29-08-2025 01:08:51 [main] LogUtils - Running test case clickNextBtn
[ERROR] 29-08-2025 01:09:13 [main] LogUtils - Test case clickNextBtn is failed.
[ERROR] 29-08-2025 01:09:13 [main] LogUtils - org.openqa.selenium.TimeoutException: timeout: Timed out receiving message from renderer: 18.763
  (Session info: chrome=139.0.7258.139)
Build info: version: '4.34.0', revision: '707dcb4246*'
System info: os.name: 'Windows 11', os.arch: 'amd64', os.version: '10.0', java.version: '24.0.1'
Driver info: org.openqa.selenium.chrome.ChromeDriver
Command: [ee7525c7ae7735e6b41603f59e553363, get {url=https://demo5.cybersoft.edu.vn/}]
Capabilities {acceptInsecureCerts: false, browserName: chrome, browserVersion: 139.0.7258.139, chrome: {chromedriverVersion: 139.0.7258.154 (9e0d6b2b47f..., userDataDir: C:\Users\TNGUYE~1\AppData\L...}, fedcm:accounts: true, goog:chromeOptions: {debuggerAddress: localhost:62308}, networkConnectionEnabled: false, pageLoadStrategy: normal, platformName: windows, proxy: Proxy(), se:cdp: ws://localhost:62308/devtoo..., se:cdpVersion: 139.0.7258.139, setWindowRect: true, strictFileInteractability: false, timeouts: {implicit: 0, pageLoad: 300000, script: 30000}, unhandledPromptBehavior: dismiss and notify, webauthn:extension:credBlob: true, webauthn:extension:largeBlob: true, webauthn:extension:minPinLength: true, webauthn:extension:prf: true, webauthn:virtualAuthenticators: true}
Session ID: ee7525c7ae7735e6b41603f59e553363
[INFO] 29-08-2025 01:09:17 [main] LogUtils - End testing Demos
[INFO] 29-08-2025 01:09:48 [main] LogUtils - #########
[INFO] 29-08-2025 01:09:48 [main] LogUtils - *****Demos***
[INFO] 29-08-2025 01:09:53 [main] LogUtils - Running test case clickNextBtn
[ERROR] 29-08-2025 01:10:15 [main] LogUtils - Test case clickNextBtn is failed.
[ERROR] 29-08-2025 01:10:15 [main] LogUtils - org.openqa.selenium.TimeoutException: timeout: Timed out receiving message from renderer: 19.803
  (Session info: chrome=139.0.7258.139)
Build info: version: '4.34.0', revision: '707dcb4246*'
System info: os.name: 'Windows 11', os.arch: 'amd64', os.version: '10.0', java.version: '24.0.1'
Driver info: org.openqa.selenium.chrome.ChromeDriver
Command: [9eaa2880a7022289294d276c8b3651c0, get {url=https://demo5.cybersoft.edu.vn/}]
Capabilities {acceptInsecureCerts: false, browserName: chrome, browserVersion: 139.0.7258.139, chrome: {chromedriverVersion: 139.0.7258.154 (9e0d6b2b47f..., userDataDir: C:\Users\TNGUYE~1\AppData\L...}, fedcm:accounts: true, goog:chromeOptions: {debuggerAddress: localhost:53342}, networkConnectionEnabled: false, pageLoadStrategy: normal, platformName: windows, proxy: Proxy(), se:cdp: ws://localhost:53342/devtoo..., se:cdpVersion: 139.0.7258.139, setWindowRect: true, strictFileInteractability: false, timeouts: {implicit: 0, pageLoad: 300000, script: 30000}, unhandledPromptBehavior: dismiss and notify, webauthn:extension:credBlob: true, webauthn:extension:largeBlob: true, webauthn:extension:minPinLength: true, webauthn:extension:prf: true, webauthn:virtualAuthenticators: true}
Session ID: 9eaa2880a7022289294d276c8b3651c0
[INFO] 29-08-2025 01:10:19 [main] LogUtils - End testing Demos
[INFO] 29-08-2025 01:13:37 [main] LogUtils - #########
[INFO] 29-08-2025 01:13:37 [main] LogUtils - *****Demos***
[INFO] 29-08-2025 01:13:48 [main] LogUtils - Running test case clickNextBtn
[ERROR] 29-08-2025 01:14:09 [main] LogUtils - Test case clickNextBtn is failed.
[ERROR] 29-08-2025 01:14:10 [main] LogUtils - org.openqa.selenium.TimeoutException: timeout: Timed out receiving message from renderer: 19.783
  (Session info: chrome=139.0.7258.139)
Build info: version: '4.34.0', revision: '707dcb4246*'
System info: os.name: 'Windows 11', os.arch: 'amd64', os.version: '10.0', java.version: '24.0.1'
Driver info: org.openqa.selenium.chrome.ChromeDriver
Command: [7caf61f34b7e71570d7f994b9bca3428, get {url=https://demo5.cybersoft.edu.vn/}]
Capabilities {acceptInsecureCerts: false, browserName: chrome, browserVersion: 139.0.7258.139, chrome: {chromedriverVersion: 139.0.7258.154 (9e0d6b2b47f..., userDataDir: C:\Users\TNGUYE~1\AppData\L...}, fedcm:accounts: true, goog:chromeOptions: {debuggerAddress: localhost:50091}, networkConnectionEnabled: false, pageLoadStrategy: normal, platformName: windows, proxy: Proxy(), se:cdp: ws://localhost:50091/devtoo..., se:cdpVersion: 139.0.7258.139, setWindowRect: true, strictFileInteractability: false, timeouts: {implicit: 0, pageLoad: 300000, script: 30000}, unhandledPromptBehavior: dismiss and notify, webauthn:extension:credBlob: true, webauthn:extension:largeBlob: true, webauthn:extension:minPinLength: true, webauthn:extension:prf: true, webauthn:virtualAuthenticators: true}
Session ID: 7caf61f34b7e71570d7f994b9bca3428
[INFO] 29-08-2025 01:14:13 [main] LogUtils - End testing Demos
[INFO] 29-08-2025 01:17:35 [main] LogUtils - #########
[INFO] 29-08-2025 01:17:35 [main] LogUtils - *****Demos***
[INFO] 29-08-2025 01:17:40 [main] LogUtils - Running test case verifyNavigationRegister
[ERROR] 29-08-2025 01:18:01 [main] LogUtils - Test case verifyNavigationRegister is failed.
[ERROR] 29-08-2025 01:18:01 [main] LogUtils - org.openqa.selenium.TimeoutException: timeout: Timed out receiving message from renderer: 19.752
  (Session info: chrome=139.0.7258.139)
Build info: version: '4.34.0', revision: '707dcb4246*'
System info: os.name: 'Windows 11', os.arch: 'amd64', os.version: '10.0', java.version: '24.0.1'
Driver info: org.openqa.selenium.chrome.ChromeDriver
Command: [26bd0c0a41c05a7a8cab257e5d7bad9f, get {url=https://demo5.cybersoft.edu.vn/}]
Capabilities {acceptInsecureCerts: false, browserName: chrome, browserVersion: 139.0.7258.139, chrome: {chromedriverVersion: 139.0.7258.154 (9e0d6b2b47f..., userDataDir: C:\Users\TNGUYE~1\AppData\L...}, fedcm:accounts: true, goog:chromeOptions: {debuggerAddress: localhost:57397}, networkConnectionEnabled: false, pageLoadStrategy: normal, platformName: windows, proxy: Proxy(), se:cdp: ws://localhost:57397/devtoo..., se:cdpVersion: 139.0.7258.139, setWindowRect: true, strictFileInteractability: false, timeouts: {implicit: 0, pageLoad: 300000, script: 30000}, unhandledPromptBehavior: dismiss and notify, webauthn:extension:credBlob: true, webauthn:extension:largeBlob: true, webauthn:extension:minPinLength: true, webauthn:extension:prf: true, webauthn:virtualAuthenticators: true}
Session ID: 26bd0c0a41c05a7a8cab257e5d7bad9f
[INFO] 29-08-2025 01:18:05 [main] LogUtils - End testing Demos
[INFO] 29-08-2025 01:21:54 [main] LogUtils - #########
[INFO] 29-08-2025 01:21:54 [main] LogUtils - *****Demos***
[INFO] 29-08-2025 01:22:00 [main] LogUtils - Running test case verifyNavigationSignIn
[ERROR] 29-08-2025 01:22:01 [main] LogUtils - Test case verifyNavigationSignIn is failed.
[ERROR] 29-08-2025 01:22:02 [main] LogUtils - org.openqa.selenium.WebDriverException: unknown error: net::ERR_INTERNET_DISCONNECTED
  (Session info: chrome=139.0.7258.139)
Build info: version: '4.34.0', revision: '707dcb4246*'
System info: os.name: 'Windows 11', os.arch: 'amd64', os.version: '10.0', java.version: '24.0.1'
Driver info: org.openqa.selenium.chrome.ChromeDriver
Command: [76a3c23fdb7dc74ec92369f920871285, get {url=https://demo5.cybersoft.edu.vn/}]
Capabilities {acceptInsecureCerts: false, browserName: chrome, browserVersion: 139.0.7258.139, chrome: {chromedriverVersion: 139.0.7258.154 (9e0d6b2b47f..., userDataDir: C:\Users\TNGUYE~1\AppData\L...}, fedcm:accounts: true, goog:chromeOptions: {debuggerAddress: localhost:49704}, networkConnectionEnabled: false, pageLoadStrategy: normal, platformName: windows, proxy: Proxy(), se:cdp: ws://localhost:49704/devtoo..., se:cdpVersion: 139.0.7258.139, setWindowRect: true, strictFileInteractability: false, timeouts: {implicit: 0, pageLoad: 300000, script: 30000}, unhandledPromptBehavior: dismiss and notify, webauthn:extension:credBlob: true, webauthn:extension:largeBlob: true, webauthn:extension:minPinLength: true, webauthn:extension:prf: true, webauthn:virtualAuthenticators: true}
Session ID: 76a3c23fdb7dc74ec92369f920871285
[INFO] 29-08-2025 01:22:05 [main] LogUtils - End testing Demos
[INFO] 29-08-2025 01:22:35 [main] LogUtils - #########
[INFO] 29-08-2025 01:22:35 [main] LogUtils - *****Demos***
[INFO] 29-08-2025 01:22:42 [main] LogUtils - Running test case verifyNavigationSignIn
[INFO] 29-08-2025 01:22:54 [main] LogUtils - Go to Home Page
[INFO] 29-08-2025 01:23:01 [main] LogUtils - header:Sign in
[INFO] 29-08-2025 01:23:01 [main] LogUtils - Go to Sign In Page
[ERROR] 29-08-2025 01:23:02 [main] LogUtils - Login Fail
[INFO] 29-08-2025 01:23:02 [main] LogUtils - Test case verifyNavigationSignIn is passed.
[INFO] 29-08-2025 01:23:08 [main] LogUtils - End testing Demos
[INFO] 29-08-2025 01:23:49 [main] LogUtils - #########
[INFO] 29-08-2025 01:23:49 [main] LogUtils - *****Demos***
[INFO] 29-08-2025 01:23:54 [main] LogUtils - Running test case clickNextBtn
[INFO] 29-08-2025 01:24:04 [main] LogUtils - Go to Home Page
[INFO] 29-08-2025 01:24:12 [main] LogUtils - CLick key WordPress of Popular Search Passed
[INFO] 29-08-2025 01:24:12 [main] LogUtils - Test case clickNextBtn is passed.
[INFO] 29-08-2025 01:24:15 [main] LogUtils - End testing Demos
[INFO] 29-08-2025 01:36:16 [main] LogUtils - #########
[INFO] 29-08-2025 01:36:16 [main] LogUtils - *****Demos***
[INFO] 29-08-2025 01:36:30 [main] LogUtils - Running test case clickNextBtn1
[INFO] 29-08-2025 01:36:42 [main] LogUtils - Go to Home Page
[ERROR] 29-08-2025 01:36:48 [main] LogUtils - Test case clickNextBtn1 is failed.
[ERROR] 29-08-2025 01:36:48 [main] LogUtils - org.openqa.selenium.ElementClickInterceptedException: element click intercepted: Element is not clickable at point (1146, 1022)
  (Session info: chrome=139.0.7258.139)
Build info: version: '4.34.0', revision: '707dcb4246*'
System info: os.name: 'Windows 11', os.arch: 'amd64', os.version: '10.0', java.version: '24.0.1'
Driver info: org.openqa.selenium.chrome.ChromeDriver
Command: [7ca81bbe9794a2e4418629b81eed1111, clickElement {id=f.FFAAEAC3CC585172BF7C64C51033596E.d.C4E0D815C4A50D425BA12B9DD34FBBBA.e.33}]
Capabilities {acceptInsecureCerts: false, browserName: chrome, browserVersion: 139.0.7258.139, chrome: {chromedriverVersion: 139.0.7258.154 (9e0d6b2b47f..., userDataDir: C:\Users\TNGUYE~1\AppData\L...}, fedcm:accounts: true, goog:chromeOptions: {debuggerAddress: localhost:55490}, networkConnectionEnabled: false, pageLoadStrategy: normal, platformName: windows, proxy: Proxy(), se:cdp: ws://localhost:55490/devtoo..., se:cdpVersion: 139.0.7258.139, setWindowRect: true, strictFileInteractability: false, timeouts: {implicit: 0, pageLoad: 300000, script: 30000}, unhandledPromptBehavior: dismiss and notify, webauthn:extension:credBlob: true, webauthn:extension:largeBlob: true, webauthn:extension:minPinLength: true, webauthn:extension:prf: true, webauthn:virtualAuthenticators: true}
Element: [[ChromeDriver: chrome on windows (7ca81bbe9794a2e4418629b81eed1111)] -> xpath: //div[@class='slider-package']//div[@class='slick-arrow slick-next']]
Session ID: 7ca81bbe9794a2e4418629b81eed1111
[INFO] 29-08-2025 01:36:53 [main] LogUtils - End testing Demos
[INFO] 29-08-2025 01:51:26 [main] LogUtils - #########
[INFO] 29-08-2025 01:51:26 [main] LogUtils - *****Demos***
[INFO] 29-08-2025 01:51:31 [main] LogUtils - Running test case clickFooter
[INFO] 29-08-2025 01:51:43 [main] LogUtils - Go to Home Page
[ERROR] 29-08-2025 01:51:50 [main] LogUtils - Test case clickFooter is failed.
[ERROR] 29-08-2025 01:51:50 [main] LogUtils - org.openqa.selenium.ElementClickInterceptedException: element click intercepted: Element is not clickable at point (393, -1795)
  (Session info: chrome=139.0.7258.139)
Build info: version: '4.34.0', revision: '707dcb4246*'
System info: os.name: 'Windows 11', os.arch: 'amd64', os.version: '10.0', java.version: '24.0.1'
Driver info: org.openqa.selenium.chrome.ChromeDriver
Command: [4b75a76de4f8a6ee82806423a8cb2ee7, clickElement {id=f.98DFCF60573BAF51DE4FE66F2046B6B1.d.E609AD329E52E0D2FC0DC41601671C2C.e.44}]
Capabilities {acceptInsecureCerts: false, browserName: chrome, browserVersion: 139.0.7258.139, chrome: {chromedriverVersion: 139.0.7258.154 (9e0d6b2b47f..., userDataDir: C:\Users\TNGUYE~1\AppData\L...}, fedcm:accounts: true, goog:chromeOptions: {debuggerAddress: localhost:51784}, networkConnectionEnabled: false, pageLoadStrategy: normal, platformName: windows, proxy: Proxy(), se:cdp: ws://localhost:51784/devtoo..., se:cdpVersion: 139.0.7258.139, setWindowRect: true, strictFileInteractability: false, timeouts: {implicit: 0, pageLoad: 300000, script: 30000}, unhandledPromptBehavior: dismiss and notify, webauthn:extension:credBlob: true, webauthn:extension:largeBlob: true, webauthn:extension:minPinLength: true, webauthn:extension:prf: true, webauthn:virtualAuthenticators: true}
Element: [[ChromeDriver: chrome on windows (4b75a76de4f8a6ee82806423a8cb2ee7)] -> xpath: (//div[@class='slick-slide slick-active'])[1]]
Session ID: 4b75a76de4f8a6ee82806423a8cb2ee7
[INFO] 29-08-2025 01:51:55 [main] LogUtils - End testing Demos
[INFO] 29-08-2025 01:52:09 [main] LogUtils - #########
[INFO] 29-08-2025 01:52:09 [main] LogUtils - *****Demos***
[INFO] 29-08-2025 01:52:14 [main] LogUtils - Running test case clickViewVideo
[INFO] 29-08-2025 01:52:22 [main] LogUtils - Go to Home Page
[INFO] 29-08-2025 01:52:28 [main] LogUtils - Click key WordPress of Popular Search Passed
[INFO] 29-08-2025 01:52:28 [main] LogUtils - Test case clickViewVideo is passed.
[INFO] 29-08-2025 01:52:31 [main] LogUtils - End testing Demos
[INFO] 29-08-2025 02:07:19 [main] LogUtils - #########
[INFO] 29-08-2025 02:07:19 [main] LogUtils - *****Demos***
[INFO] 29-08-2025 02:07:24 [main] LogUtils - Running test case clickViewVideo
[INFO] 29-08-2025 02:07:35 [main] LogUtils - Go to Home Page
[ERROR] 29-08-2025 02:08:02 [main] LogUtils - Test case clickViewVideo is failed.
[ERROR] 29-08-2025 02:08:02 [main] LogUtils - org.openqa.selenium.TimeoutException: Expected condition failed: waiting for visibility of element located by By.xpath: //span[contains(normalize-space(),'services available')] (tried for 5 second(s) with 500 milliseconds interval)
Build info: version: '4.34.0', revision: '707dcb4246*'
System info: os.name: 'Windows 11', os.arch: 'amd64', os.version: '10.0', java.version: '24.0.1'
Driver info: org.openqa.selenium.chrome.ChromeDriver
Capabilities {acceptInsecureCerts: false, browserName: chrome, browserVersion: 139.0.7258.139, chrome: {chromedriverVersion: 139.0.7258.154 (9e0d6b2b47f..., userDataDir: C:\Users\TNGUYE~1\AppData\L...}, fedcm:accounts: true, goog:chromeOptions: {debuggerAddress: localhost:51034}, networkConnectionEnabled: false, pageLoadStrategy: normal, platformName: windows, proxy: Proxy(), se:cdp: ws://localhost:51034/devtoo..., se:cdpVersion: 139.0.7258.139, setWindowRect: true, strictFileInteractability: false, timeouts: {implicit: 0, pageLoad: 300000, script: 30000}, unhandledPromptBehavior: dismiss and notify, webauthn:extension:credBlob: true, webauthn:extension:largeBlob: true, webauthn:extension:minPinLength: true, webauthn:extension:prf: true, webauthn:virtualAuthenticators: true}
Session ID: fbbcfebd7783bc0078250700fd25d1d1
[INFO] 29-08-2025 02:08:07 [main] LogUtils - End testing Demos
[INFO] 29-08-2025 02:18:21 [main] LogUtils - #########
[INFO] 29-08-2025 02:18:21 [main] LogUtils - *****Demos***
[INFO] 29-08-2025 02:18:26 [main] LogUtils - Running test case clickHoverCatogories
[INFO] 29-08-2025 02:18:39 [main] LogUtils - Go to Home Page
[INFO] 29-08-2025 02:18:45 [main] LogUtils - Click key WordPress of Popular Search Passed
[INFO] 29-08-2025 02:18:45 [main] LogUtils - Test case clickHoverCatogories is passed.
[INFO] 29-08-2025 02:18:48 [main] LogUtils - End testing Demos
[INFO] 29-08-2025 02:20:12 [main] LogUtils - #########
[INFO] 29-08-2025 02:20:12 [main] LogUtils - *****Demos***
[INFO] 29-08-2025 02:20:17 [main] LogUtils - Running test case inputInValidKey
[INFO] 29-08-2025 02:20:27 [main] LogUtils - Go to Home Page
[INFO] 29-08-2025 02:20:34 [main] LogUtils - click search
[INFO] 29-08-2025 02:20:37 [main] LogUtils - Input Invalid keywords Search Box Passed
[INFO] 29-08-2025 02:20:37 [main] LogUtils - Test case inputInValidKey is passed.
[INFO] 29-08-2025 02:20:40 [main] LogUtils - End testing Demos
[INFO] 29-08-2025 02:20:53 [main] LogUtils - #########
[INFO] 29-08-2025 02:20:53 [main] LogUtils - *****Demos***
[INFO] 29-08-2025 02:20:56 [main] LogUtils - Running test case click
[INFO] 29-08-2025 02:21:05 [main] LogUtils - Go to Home Page
[ERROR] 29-08-2025 02:21:12 [main] LogUtils - Test case click is failed.
[ERROR] 29-08-2025 02:21:12 [main] LogUtils - org.openqa.selenium.ElementClickInterceptedException: element click intercepted: Element is not clickable at point (393, -1795)
  (Session info: chrome=139.0.7258.139)
Build info: version: '4.34.0', revision: '707dcb4246*'
System info: os.name: 'Windows 11', os.arch: 'amd64', os.version: '10.0', java.version: '24.0.1'
Driver info: org.openqa.selenium.chrome.ChromeDriver
Command: [5e58219925718b9795a73c1c1889a160, clickElement {id=f.5EBFD5CDDAC2E701D9C8E569168D5F28.d.67F1842C397233541DB5F4ED39456CAE.e.45}]
Capabilities {acceptInsecureCerts: false, browserName: chrome, browserVersion: 139.0.7258.139, chrome: {chromedriverVersion: 139.0.7258.154 (9e0d6b2b47f..., userDataDir: C:\Users\TNGUYE~1\AppData\L...}, fedcm:accounts: true, goog:chromeOptions: {debuggerAddress: localhost:53717}, networkConnectionEnabled: false, pageLoadStrategy: normal, platformName: windows, proxy: Proxy(), se:cdp: ws://localhost:53717/devtoo..., se:cdpVersion: 139.0.7258.139, setWindowRect: true, strictFileInteractability: false, timeouts: {implicit: 0, pageLoad: 300000, script: 30000}, unhandledPromptBehavior: dismiss and notify, webauthn:extension:credBlob: true, webauthn:extension:largeBlob: true, webauthn:extension:minPinLength: true, webauthn:extension:prf: true, webauthn:virtualAuthenticators: true}
Element: [[ChromeDriver: chrome on windows (5e58219925718b9795a73c1c1889a160)] -> xpath: (//div[@class='slick-slide slick-active'])[1]]
Session ID: 5e58219925718b9795a73c1c1889a160
[INFO] 29-08-2025 02:21:16 [main] LogUtils - End testing Demos
[INFO] 29-08-2025 02:36:51 [main] LogUtils - #########
[INFO] 29-08-2025 02:36:51 [main] LogUtils - *****Demos***
[INFO] 29-08-2025 02:36:58 [main] LogUtils - Running test case clickHoverCatogories
[INFO] 29-08-2025 02:37:07 [main] LogUtils - Go to Home Page
[INFO] 29-08-2025 02:37:12 [main] LogUtils - Tìm thấy element Popular KeyWord
[INFO] 29-08-2025 02:37:12 [main] LogUtils - Clicked Popular KeyWord
[INFO] 29-08-2025 02:37:12 [main] LogUtils - Click key WordPress of Popular Search Passed
[INFO] 29-08-2025 02:37:12 [main] LogUtils - Test case clickHoverCatogories is passed.
[INFO] 29-08-2025 02:37:15 [main] LogUtils - End testing Demos
[INFO] 29-08-2025 02:44:07 [main] LogUtils - #########
[INFO] 29-08-2025 02:44:07 [main] LogUtils - *****Demos***
[INFO] 29-08-2025 02:44:12 [main] LogUtils - Running test case clickHoverCatogories
[INFO] 29-08-2025 02:44:23 [main] LogUtils - Go to Home Page
[INFO] 29-08-2025 02:44:28 [main] LogUtils - Tìm thấy element Popular KeyWord
[INFO] 29-08-2025 02:44:28 [main] LogUtils - Click key WordPress of Popular Search Passed
[INFO] 29-08-2025 02:44:28 [main] LogUtils - Test case clickHoverCatogories is passed.
[INFO] 29-08-2025 02:44:31 [main] LogUtils - End testing Demos
[INFO] 29-08-2025 02:45:04 [main] LogUtils - #########
[INFO] 29-08-2025 02:45:04 [main] LogUtils - *****Demos***
[INFO] 29-08-2025 02:45:08 [main] LogUtils - Running test case clickHoverCatogories
[INFO] 29-08-2025 02:45:18 [main] LogUtils - Go to Home Page
[ERROR] 29-08-2025 02:45:29 [main] LogUtils - Test case clickHoverCatogories is failed.
[ERROR] 29-08-2025 02:45:29 [main] LogUtils - org.openqa.selenium.TimeoutException: Expected condition failed: waiting for visibility of element located by By.xpath: //p[normalize-space()='Graphics & Design'] (tried for 5 second(s) with 500 milliseconds interval)
Build info: version: '4.34.0', revision: '707dcb4246*'
System info: os.name: 'Windows 11', os.arch: 'amd64', os.version: '10.0', java.version: '24.0.1'
Driver info: org.openqa.selenium.chrome.ChromeDriver
Capabilities {acceptInsecureCerts: false, browserName: chrome, browserVersion: 139.0.7258.139, chrome: {chromedriverVersion: 139.0.7258.154 (9e0d6b2b47f..., userDataDir: C:\Users\TNGUYE~1\AppData\L...}, fedcm:accounts: true, goog:chromeOptions: {debuggerAddress: localhost:65005}, networkConnectionEnabled: false, pageLoadStrategy: normal, platformName: windows, proxy: Proxy(), se:cdp: ws://localhost:65005/devtoo..., se:cdpVersion: 139.0.7258.139, setWindowRect: true, strictFileInteractability: false, timeouts: {implicit: 0, pageLoad: 300000, script: 30000}, unhandledPromptBehavior: dismiss and notify, webauthn:extension:credBlob: true, webauthn:extension:largeBlob: true, webauthn:extension:minPinLength: true, webauthn:extension:prf: true, webauthn:virtualAuthenticators: true}
Session ID: dddbe3af19ae5e31f9e47f0bfa9d39ca
[INFO] 29-08-2025 02:45:33 [main] LogUtils - End testing Demos
[INFO] 29-08-2025 02:46:17 [main] LogUtils - #########
[INFO] 29-08-2025 02:46:17 [main] LogUtils - *****Demos***
[INFO] 29-08-2025 02:46:22 [main] LogUtils - Running test case clickHoverCatogories
[INFO] 29-08-2025 02:46:30 [main] LogUtils - Go to Home Page
[INFO] 29-08-2025 02:46:36 [main] LogUtils - Tìm thấy element Popular KeyWord
[INFO] 29-08-2025 02:46:36 [main] LogUtils - Click key WordPress of Popular Search Passed
[INFO] 29-08-2025 02:46:37 [main] LogUtils - Test case clickHoverCatogories is passed.
[INFO] 29-08-2025 02:46:41 [main] LogUtils - End testing Demos
[INFO] 29-08-2025 03:22:44 [main] LogUtils - #########
[INFO] 29-08-2025 03:22:44 [main] LogUtils - *****Demos***
[INFO] 29-08-2025 03:23:00 [main] LogUtils - Running test case click
[INFO] 29-08-2025 03:23:17 [main] LogUtils - Go to Home Page
[ERROR] 29-08-2025 03:23:24 [main] LogUtils - Test case click is failed.
[ERROR] 29-08-2025 03:23:24 [main] LogUtils - org.openqa.selenium.ElementClickInterceptedException: element click intercepted: Element is not clickable at point (393, -1795)
  (Session info: chrome=139.0.7258.139)
Build info: version: '4.34.0', revision: '707dcb4246*'
System info: os.name: 'Windows 11', os.arch: 'amd64', os.version: '10.0', java.version: '24.0.1'
Driver info: org.openqa.selenium.chrome.ChromeDriver
Command: [2a8b7465476ceb183051a82cde9c6a0b, clickElement {id=f.9AAA3003224AECCE1E7F6C14A070725C.d.01B5EC2B460767B0C73AB32B5EEE512A.e.47}]
Capabilities {acceptInsecureCerts: false, browserName: chrome, browserVersion: 139.0.7258.139, chrome: {chromedriverVersion: 139.0.7258.154 (9e0d6b2b47f..., userDataDir: C:\Users\TNGUYE~1\AppData\L...}, fedcm:accounts: true, goog:chromeOptions: {debuggerAddress: localhost:62031}, networkConnectionEnabled: false, pageLoadStrategy: normal, platformName: windows, proxy: Proxy(), se:cdp: ws://localhost:62031/devtoo..., se:cdpVersion: 139.0.7258.139, setWindowRect: true, strictFileInteractability: false, timeouts: {implicit: 0, pageLoad: 300000, script: 30000}, unhandledPromptBehavior: dismiss and notify, webauthn:extension:credBlob: true, webauthn:extension:largeBlob: true, webauthn:extension:minPinLength: true, webauthn:extension:prf: true, webauthn:virtualAuthenticators: true}
Element: [[ChromeDriver: chrome on windows (2a8b7465476ceb183051a82cde9c6a0b)] -> xpath: (//div[@class='slick-slide slick-active'])[1]]
Session ID: 2a8b7465476ceb183051a82cde9c6a0b
[INFO] 29-08-2025 03:23:28 [main] LogUtils - End testing Demos
[INFO] 29-08-2025 03:24:20 [main] LogUtils - #########
[INFO] 29-08-2025 03:24:20 [main] LogUtils - *****Demos***
[INFO] 29-08-2025 03:24:24 [main] LogUtils - Running test case click
[INFO] 29-08-2025 03:24:31 [main] LogUtils - Go to Home Page
[ERROR] 29-08-2025 03:24:38 [main] LogUtils - Test case click is failed.
[ERROR] 29-08-2025 03:24:38 [main] LogUtils - org.openqa.selenium.ElementClickInterceptedException: element click intercepted: Element is not clickable at point (393, -1797)
  (Session info: chrome=139.0.7258.139)
Build info: version: '4.34.0', revision: '707dcb4246*'
System info: os.name: 'Windows 11', os.arch: 'amd64', os.version: '10.0', java.version: '24.0.1'
Driver info: org.openqa.selenium.chrome.ChromeDriver
Command: [ecb3f182841722fdf730956a938cbbc9, clickElement {id=f.DBF6CBBFF3CF537F08E3C21276FC2D29.d.7D1B44F2A0EF96745DE779ABD5C275CA.e.44}]
Capabilities {acceptInsecureCerts: false, browserName: chrome, browserVersion: 139.0.7258.139, chrome: {chromedriverVersion: 139.0.7258.154 (9e0d6b2b47f..., userDataDir: C:\Users\TNGUYE~1\AppData\L...}, fedcm:accounts: true, goog:chromeOptions: {debuggerAddress: localhost:60924}, networkConnectionEnabled: false, pageLoadStrategy: normal, platformName: windows, proxy: Proxy(), se:cdp: ws://localhost:60924/devtoo..., se:cdpVersion: 139.0.7258.139, setWindowRect: true, strictFileInteractability: false, timeouts: {implicit: 0, pageLoad: 300000, script: 30000}, unhandledPromptBehavior: dismiss and notify, webauthn:extension:credBlob: true, webauthn:extension:largeBlob: true, webauthn:extension:minPinLength: true, webauthn:extension:prf: true, webauthn:virtualAuthenticators: true}
Element: [[ChromeDriver: chrome on windows (ecb3f182841722fdf730956a938cbbc9)] -> xpath: (//div[@class='slick-slide slick-active'])[1]]
Session ID: ecb3f182841722fdf730956a938cbbc9
[INFO] 29-08-2025 03:24:41 [main] LogUtils - End testing Demos
[INFO] 29-08-2025 03:26:45 [main] LogUtils - #########
[INFO] 29-08-2025 03:26:45 [main] LogUtils - *****Demos***
[INFO] 29-08-2025 03:26:48 [main] LogUtils - Running test case click
[INFO] 29-08-2025 03:26:56 [main] LogUtils - Go to Home Page
[INFO] 29-08-2025 03:27:02 [main] LogUtils - Tìm thấy element Popular KeyWord
[INFO] 29-08-2025 03:27:03 [main] LogUtils - Tìm thấy element Popular KeyWord
[INFO] 29-08-2025 03:27:06 [main] LogUtils - Click key WordPress of Popular Search Passed
[INFO] 29-08-2025 03:27:06 [main] LogUtils - Test case click is passed.
[INFO] 29-08-2025 03:27:08 [main] LogUtils - End testing Demos
[INFO] 29-08-2025 03:32:59 [main] LogUtils - #########
[INFO] 29-08-2025 03:32:59 [main] LogUtils - *****Demos***
[INFO] 29-08-2025 03:33:04 [main] LogUtils - Running test case inputValidKey
[ERROR] 29-08-2025 03:33:25 [main] LogUtils - Test case inputValidKey is failed.
[ERROR] 29-08-2025 03:33:25 [main] LogUtils - org.openqa.selenium.TimeoutException: timeout: Timed out receiving message from renderer: 19.791
  (Session info: chrome=139.0.7258.139)
Build info: version: '4.34.0', revision: '707dcb4246*'
System info: os.name: 'Windows 11', os.arch: 'amd64', os.version: '10.0', java.version: '24.0.1'
Driver info: org.openqa.selenium.chrome.ChromeDriver
Command: [f410ee15041e907e4505e095faf67a49, get {url=https://demo5.cybersoft.edu.vn/}]
Capabilities {acceptInsecureCerts: false, browserName: chrome, browserVersion: 139.0.7258.139, chrome: {chromedriverVersion: 139.0.7258.154 (9e0d6b2b47f..., userDataDir: C:\Users\TNGUYE~1\AppData\L...}, fedcm:accounts: true, goog:chromeOptions: {debuggerAddress: localhost:59925}, networkConnectionEnabled: false, pageLoadStrategy: normal, platformName: windows, proxy: Proxy(), se:cdp: ws://localhost:59925/devtoo..., se:cdpVersion: 139.0.7258.139, setWindowRect: true, strictFileInteractability: false, timeouts: {implicit: 0, pageLoad: 300000, script: 30000}, unhandledPromptBehavior: dismiss and notify, webauthn:extension:credBlob: true, webauthn:extension:largeBlob: true, webauthn:extension:minPinLength: true, webauthn:extension:prf: true, webauthn:virtualAuthenticators: true}
Session ID: f410ee15041e907e4505e095faf67a49
[INFO] 29-08-2025 03:33:28 [main] LogUtils - End testing Demos
[INFO] 29-08-2025 03:33:46 [main] LogUtils - #########
[INFO] 29-08-2025 03:33:46 [main] LogUtils - *****Demos***
[INFO] 29-08-2025 03:33:50 [main] LogUtils - Running test case clickSlider
[ERROR] 29-08-2025 03:34:11 [main] LogUtils - Test case clickSlider is failed.
[ERROR] 29-08-2025 03:34:11 [main] LogUtils - org.openqa.selenium.TimeoutException: timeout: Timed out receiving message from renderer: 19.739
  (Session info: chrome=139.0.7258.139)
Build info: version: '4.34.0', revision: '707dcb4246*'
System info: os.name: 'Windows 11', os.arch: 'amd64', os.version: '10.0', java.version: '24.0.1'
Driver info: org.openqa.selenium.chrome.ChromeDriver
Command: [ef6648a332f352fd934bf3eaa950d63d, get {url=https://demo5.cybersoft.edu.vn/}]
Capabilities {acceptInsecureCerts: false, browserName: chrome, browserVersion: 139.0.7258.139, chrome: {chromedriverVersion: 139.0.7258.154 (9e0d6b2b47f..., userDataDir: C:\Users\TNGUYE~1\AppData\L...}, fedcm:accounts: true, goog:chromeOptions: {debuggerAddress: localhost:64622}, networkConnectionEnabled: false, pageLoadStrategy: normal, platformName: windows, proxy: Proxy(), se:cdp: ws://localhost:64622/devtoo..., se:cdpVersion: 139.0.7258.139, setWindowRect: true, strictFileInteractability: false, timeouts: {implicit: 0, pageLoad: 300000, script: 30000}, unhandledPromptBehavior: dismiss and notify, webauthn:extension:credBlob: true, webauthn:extension:largeBlob: true, webauthn:extension:minPinLength: true, webauthn:extension:prf: true, webauthn:virtualAuthenticators: true}
Session ID: ef6648a332f352fd934bf3eaa950d63d
[INFO] 29-08-2025 03:34:14 [main] LogUtils - End testing Demos
[INFO] 29-08-2025 03:36:42 [main] LogUtils - #########
[INFO] 29-08-2025 03:36:42 [main] LogUtils - *****Demos***
[INFO] 29-08-2025 03:36:46 [main] LogUtils - Running test case clickSlider
[ERROR] 29-08-2025 03:37:07 [main] LogUtils - Test case clickSlider is failed.
[ERROR] 29-08-2025 03:37:07 [main] LogUtils - org.openqa.selenium.TimeoutException: timeout: Timed out receiving message from renderer: 19.809
  (Session info: chrome=139.0.7258.139)
Build info: version: '4.34.0', revision: '707dcb4246*'
System info: os.name: 'Windows 11', os.arch: 'amd64', os.version: '10.0', java.version: '24.0.1'
Driver info: org.openqa.selenium.chrome.ChromeDriver
Command: [51007d3227b15882d456c76033abd91f, get {url=https://demo5.cybersoft.edu.vn/}]
Capabilities {acceptInsecureCerts: false, browserName: chrome, browserVersion: 139.0.7258.139, chrome: {chromedriverVersion: 139.0.7258.154 (9e0d6b2b47f..., userDataDir: C:\Users\TNGUYE~1\AppData\L...}, fedcm:accounts: true, goog:chromeOptions: {debuggerAddress: localhost:54122}, networkConnectionEnabled: false, pageLoadStrategy: normal, platformName: windows, proxy: Proxy(), se:cdp: ws://localhost:54122/devtoo..., se:cdpVersion: 139.0.7258.139, setWindowRect: true, strictFileInteractability: false, timeouts: {implicit: 0, pageLoad: 300000, script: 30000}, unhandledPromptBehavior: dismiss and notify, webauthn:extension:credBlob: true, webauthn:extension:largeBlob: true, webauthn:extension:minPinLength: true, webauthn:extension:prf: true, webauthn:virtualAuthenticators: true}
Session ID: 51007d3227b15882d456c76033abd91f
[INFO] 29-08-2025 03:37:10 [main] LogUtils - End testing Demos
[INFO] 29-08-2025 03:39:36 [main] LogUtils - #########
[INFO] 29-08-2025 03:39:36 [main] LogUtils - *****Demos***
[INFO] 29-08-2025 03:39:54 [main] LogUtils - Running test case click
[ERROR] 29-08-2025 03:40:15 [main] LogUtils - Test case click is failed.
[ERROR] 29-08-2025 03:40:15 [main] LogUtils - org.openqa.selenium.TimeoutException: timeout: Timed out receiving message from renderer: 19.779
  (Session info: chrome=139.0.7258.139)
Build info: version: '4.34.0', revision: '707dcb4246*'
System info: os.name: 'Windows 11', os.arch: 'amd64', os.version: '10.0', java.version: '24.0.1'
Driver info: org.openqa.selenium.chrome.ChromeDriver
Command: [13b76a1e5629ceff4b4e0b2d7481f51c, get {url=https://demo5.cybersoft.edu.vn/}]
Capabilities {acceptInsecureCerts: false, browserName: chrome, browserVersion: 139.0.7258.139, chrome: {chromedriverVersion: 139.0.7258.154 (9e0d6b2b47f..., userDataDir: C:\Users\TNGUYE~1\AppData\L...}, fedcm:accounts: true, goog:chromeOptions: {debuggerAddress: localhost:60704}, networkConnectionEnabled: false, pageLoadStrategy: normal, platformName: windows, proxy: Proxy(), se:cdp: ws://localhost:60704/devtoo..., se:cdpVersion: 139.0.7258.139, setWindowRect: true, strictFileInteractability: false, timeouts: {implicit: 0, pageLoad: 300000, script: 30000}, unhandledPromptBehavior: dismiss and notify, webauthn:extension:credBlob: true, webauthn:extension:largeBlob: true, webauthn:extension:minPinLength: true, webauthn:extension:prf: true, webauthn:virtualAuthenticators: true}
Session ID: 13b76a1e5629ceff4b4e0b2d7481f51c
[INFO] 29-08-2025 03:40:19 [main] LogUtils - End testing Demos
[INFO] 29-08-2025 03:40:42 [main] LogUtils - #########
[INFO] 29-08-2025 03:40:42 [main] LogUtils - *****Demos***
[INFO] 29-08-2025 03:40:56 [main] LogUtils - Running test case click
[INFO] 29-08-2025 03:41:05 [main] LogUtils - Go to Home Page
[INFO] 29-08-2025 03:41:13 [main] LogUtils - Tìm thấy element Popular KeyWord
[INFO] 29-08-2025 03:41:14 [main] LogUtils - Tìm thấy element Popular KeyWord
[INFO] 29-08-2025 03:41:17 [main] LogUtils - Click key WordPress of Popular Search Passed
[INFO] 29-08-2025 03:41:17 [main] LogUtils - Test case click is passed.
[INFO] 29-08-2025 03:41:20 [main] LogUtils - End testing Demos
>>>>>>> 46febdc6818c31cd2196633925e1751e359c9c45
